[23-Apr-2025 00:18:45 UTC] PHP Warning:  Undefined array key "host" in /workspaces/UX221FinalExam/.wordpress/wp-includes/pluggable.php on line 1640
[23-Apr-2025 00:33:55 UTC] PHP Warning:  Undefined variable $parent_theme_name in /workspaces/UX221FinalExam/.wordpress/wp-content/mu-plugins/one-click-child-theme/templates/create_child_form.php on line 18
[23-Apr-2025 03:17:49 UTC] WordPress database error <div style="clear:both">&nbsp;</div>
<div class="queries" style="clear:both;margin-bottom:2px;border:red dotted thin;">
<p>MySQL query:</p>
<p>
CREATE TABLE wp_user_registration_sessions (
  session_id BIGINT UNSIGNED NOT NULL AUTO_INCREMENT,
  session_key char(32) NOT NULL,
  session_value longtext NOT NULL,
  session_expiry BIGINT UNSIGNED NOT NULL,
  PRIMARY KEY  (session_key),
  UNIQUE KEY session_id (session_id)
) </p>
<p>Queries made or created this session were:</p>
<ol>
<li>Executing: BEGIN | (no parameters)</li>
<li>Executing: ROLLBACK | (no parameters)</li>
</ol>
</div>
<div style="clear:both;margin-bottom:2px;border:red dotted thin;" class="error_message" style="border-bottom:dotted blue thin;">
Error occurred at line 4117 in Function <code>handle_error</code>. Error message was: Cannot combine AUTOINCREMENT and multiple primary keys in SQLite.
</div>
<p>Backtrace:</p>
<pre>#0 /workspaces/UX221FinalExam/.wordpress/wp-content/mu-plugins/sqlite-database-integration/wp-includes/sqlite/class-wp-sqlite-db.php(287): WP_SQLite_Translator->get_error_message()
#1 /workspaces/UX221FinalExam/.wordpress/wp-admin/includes/upgrade.php(3280): WP_SQLite_DB->query('\nCREATE TABLE w...')
#2 /workspaces/UX221FinalExam/.wordpress/wp-content/plugins/user-registration/includes/class-ur-install.php(563): dbDelta(Array)
#3 /workspaces/UX221FinalExam/.wordpress/wp-content/plugins/user-registration/includes/class-ur-install.php(140): UR_Install::create_tables()
#4 /workspaces/UX221FinalExam/.wordpress/wp-includes/class-wp-hook.php(324): UR_Install::install(false)
#5 /workspaces/UX221FinalExam/.wordpress/wp-includes/class-wp-hook.php(348): WP_Hook->apply_filters(NULL, Array)
#6 /workspaces/UX221FinalExam/.wordpress/wp-includes/plugin.php(517): WP_Hook->do_action(Array)
#7 /workspaces/UX221FinalExam/.wordpress/wp-admin/includes/plugin.php(703): do_action('activate_user-r...', false)
#8 /workspaces/UX221FinalExam/.wordpress/wp-admin/plugins.php(60): activate_plugin('user-registrati...', 'http://localhos...', false)
#9 {main}</pre>
 for query 
CREATE TABLE wp_user_registration_sessions (
  session_id BIGINT UNSIGNED NOT NULL AUTO_INCREMENT,
  session_key char(32) NOT NULL,
  session_value longtext NOT NULL,
  session_expiry BIGINT UNSIGNED NOT NULL,
  PRIMARY KEY  (session_key),
  UNIQUE KEY session_id (session_id)
)  made by activate_plugin, do_action('activate_user-registration/user-registration.php'), WP_Hook->do_action, WP_Hook->apply_filters, UR_Install::install, UR_Install::create_tables, dbDelta, WP_SQLite_DB->query, WP_SQLite_DB->print_error
[23-Apr-2025 03:17:49 UTC] WordPress database error <div style="clear:both">&nbsp;</div>
<div class="queries" style="clear:both;margin-bottom:2px;border:red dotted thin;">
<p>MySQL query:</p>
<p>SELECT session_value FROM `wp_user_registration_sessions` WHERE session_key = '1'</p>
<p>Queries made or created this session were:</p>
<ol>
<li>Executing: BEGIN | (no parameters)</li>
<li>Executing: SELECT session_value FROM `wp_user_registration_sessions` WHERE session_key = :param0  | parameters: 1</li>
<li>Executing: ROLLBACK | (no parameters)</li>
</ol>
</div>
<div style="clear:both;margin-bottom:2px;border:red dotted thin;" class="error_message" style="border-bottom:dotted blue thin;">
Error occurred at line 4117 in Function <code>handle_error</code>. Error message was: SQLSTATE[HY000]: General error: 1 no such table: wp_user_registration_sessions.
</div>
<p>Backtrace:</p>
<pre>#0 /workspaces/UX221FinalExam/.wordpress/wp-content/mu-plugins/sqlite-database-integration/wp-includes/sqlite/class-wp-sqlite-db.php(287): WP_SQLite_Translator->get_error_message()
#1 /workspaces/UX221FinalExam/.wordpress/wp-includes/class-wpdb.php(3031): WP_SQLite_DB->query('SELECT session_...')
#2 /workspaces/UX221FinalExam/.wordpress/wp-content/plugins/user-registration/includes/class-ur-session-handler.php(335): wpdb->get_var('SELECT session_...')
#3 /workspaces/UX221FinalExam/.wordpress/wp-content/plugins/user-registration/includes/class-ur-session-handler.php(210): UR_Session_Handler->get_session(1, Array)
#4 /workspaces/UX221FinalExam/.wordpress/wp-content/plugins/user-registration/includes/class-ur-session-handler.php(94): UR_Session_Handler->get_session_data()
#5 /workspaces/UX221FinalExam/.wordpress/wp-content/plugins/user-registration/user-registration.php(369): UR_Session_Handler->__construct()
#6 /workspaces/UX221FinalExam/.wordpress/wp-includes/class-wp-hook.php(324): UserRegistration->init('')
#7 /workspaces/UX221FinalExam/.wordpress/wp-includes/class-wp-hook.php(348): WP_Hook->apply_filters(NULL, Array)
#8 /workspaces/UX221FinalExam/.wordpress/wp-includes/plugin.php(517): WP_Hook->do_action(Array)
#9 /workspaces/UX221FinalExam/.wordpress/wp-settings.php(727): do_action('init')
#10 /workspaces/UX221FinalExam/.wordpress/wp-config.php(107): require_once('/workspaces/UX2...')
#11 /workspaces/UX221FinalExam/.wordpress/wp-load.php(50): require_once('/workspaces/UX2...')
#12 /workspaces/UX221FinalExam/.wordpress/wp-admin/admin.php(35): require_once('/workspaces/UX2...')
#13 /workspaces/UX221FinalExam/.wordpress/wp-admin/plugins.php(10): require_once('/workspaces/UX2...')
#14 {main}</pre>
 for query SELECT session_value FROM `wp_user_registration_sessions` WHERE session_key = '1' made by require_once('wp-admin/admin.php'), require_once('wp-load.php'), require_once('wp-config.php'), require_once('wp-settings.php'), do_action('init'), WP_Hook->do_action, WP_Hook->apply_filters, UserRegistration->init, UR_Session_Handler->__construct, UR_Session_Handler->get_session_data, UR_Session_Handler->get_session, WP_SQLite_DB->query, WP_SQLite_DB->print_error
[23-Apr-2025 03:17:50 UTC] WordPress database error <div style="clear:both">&nbsp;</div>
<div class="queries" style="clear:both;margin-bottom:2px;border:red dotted thin;">
<p>MySQL query:</p>
<p>SELECT session_value FROM `wp_user_registration_sessions` WHERE session_key = '1'</p>
<p>Queries made or created this session were:</p>
<ol>
<li>Executing: BEGIN | (no parameters)</li>
<li>Executing: SELECT session_value FROM `wp_user_registration_sessions` WHERE session_key = :param0  | parameters: 1</li>
<li>Executing: ROLLBACK | (no parameters)</li>
</ol>
</div>
<div style="clear:both;margin-bottom:2px;border:red dotted thin;" class="error_message" style="border-bottom:dotted blue thin;">
Error occurred at line 4117 in Function <code>handle_error</code>. Error message was: SQLSTATE[HY000]: General error: 1 no such table: wp_user_registration_sessions.
</div>
<p>Backtrace:</p>
<pre>#0 /workspaces/UX221FinalExam/.wordpress/wp-content/mu-plugins/sqlite-database-integration/wp-includes/sqlite/class-wp-sqlite-db.php(287): WP_SQLite_Translator->get_error_message()
#1 /workspaces/UX221FinalExam/.wordpress/wp-includes/class-wpdb.php(3031): WP_SQLite_DB->query('SELECT session_...')
#2 /workspaces/UX221FinalExam/.wordpress/wp-content/plugins/user-registration/includes/class-ur-session-handler.php(335): wpdb->get_var('SELECT session_...')
#3 /workspaces/UX221FinalExam/.wordpress/wp-content/plugins/user-registration/includes/class-ur-session-handler.php(210): UR_Session_Handler->get_session(1, Array)
#4 /workspaces/UX221FinalExam/.wordpress/wp-content/plugins/user-registration/includes/class-ur-session-handler.php(94): UR_Session_Handler->get_session_data()
#5 /workspaces/UX221FinalExam/.wordpress/wp-content/plugins/user-registration/user-registration.php(369): UR_Session_Handler->__construct()
#6 /workspaces/UX221FinalExam/.wordpress/wp-includes/class-wp-hook.php(324): UserRegistration->init('')
#7 /workspaces/UX221FinalExam/.wordpress/wp-includes/class-wp-hook.php(348): WP_Hook->apply_filters(NULL, Array)
#8 /workspaces/UX221FinalExam/.wordpress/wp-includes/plugin.php(517): WP_Hook->do_action(Array)
#9 /workspaces/UX221FinalExam/.wordpress/wp-settings.php(727): do_action('init')
#10 /workspaces/UX221FinalExam/.wordpress/wp-config.php(107): require_once('/workspaces/UX2...')
#11 /workspaces/UX221FinalExam/.wordpress/wp-load.php(50): require_once('/workspaces/UX2...')
#12 /workspaces/UX221FinalExam/.wordpress/wp-admin/admin.php(35): require_once('/workspaces/UX2...')
#13 /workspaces/UX221FinalExam/.wordpress/wp-admin/index.php(10): require_once('/workspaces/UX2...')
#14 {main}</pre>
 for query SELECT session_value FROM `wp_user_registration_sessions` WHERE session_key = '1' made by require_once('wp-admin/admin.php'), require_once('wp-load.php'), require_once('wp-config.php'), require_once('wp-settings.php'), do_action('init'), WP_Hook->do_action, WP_Hook->apply_filters, UserRegistration->init, UR_Session_Handler->__construct, UR_Session_Handler->get_session_data, UR_Session_Handler->get_session, WP_SQLite_DB->query, WP_SQLite_DB->print_error
[23-Apr-2025 03:18:10 UTC] WordPress database error <div style="clear:both">&nbsp;</div>
<div class="queries" style="clear:both;margin-bottom:2px;border:red dotted thin;">
<p>MySQL query:</p>
<p>SELECT session_value FROM `wp_user_registration_sessions` WHERE session_key = '1'</p>
<p>Queries made or created this session were:</p>
<ol>
<li>Executing: BEGIN | (no parameters)</li>
<li>Executing: SELECT session_value FROM `wp_user_registration_sessions` WHERE session_key = :param0  | parameters: 1</li>
<li>Executing: ROLLBACK | (no parameters)</li>
</ol>
</div>
<div style="clear:both;margin-bottom:2px;border:red dotted thin;" class="error_message" style="border-bottom:dotted blue thin;">
Error occurred at line 4117 in Function <code>handle_error</code>. Error message was: SQLSTATE[HY000]: General error: 1 no such table: wp_user_registration_sessions.
</div>
<p>Backtrace:</p>
<pre>#0 /workspaces/UX221FinalExam/.wordpress/wp-content/mu-plugins/sqlite-database-integration/wp-includes/sqlite/class-wp-sqlite-db.php(287): WP_SQLite_Translator->get_error_message()
#1 /workspaces/UX221FinalExam/.wordpress/wp-includes/class-wpdb.php(3031): WP_SQLite_DB->query('SELECT session_...')
#2 /workspaces/UX221FinalExam/.wordpress/wp-content/plugins/user-registration/includes/class-ur-session-handler.php(335): wpdb->get_var('SELECT session_...')
#3 /workspaces/UX221FinalExam/.wordpress/wp-content/plugins/user-registration/includes/class-ur-session-handler.php(210): UR_Session_Handler->get_session(1, Array)
#4 /workspaces/UX221FinalExam/.wordpress/wp-content/plugins/user-registration/includes/class-ur-session-handler.php(94): UR_Session_Handler->get_session_data()
#5 /workspaces/UX221FinalExam/.wordpress/wp-content/plugins/user-registration/user-registration.php(369): UR_Session_Handler->__construct()
#6 /workspaces/UX221FinalExam/.wordpress/wp-includes/class-wp-hook.php(324): UserRegistration->init('')
#7 /workspaces/UX221FinalExam/.wordpress/wp-includes/class-wp-hook.php(348): WP_Hook->apply_filters(NULL, Array)
#8 /workspaces/UX221FinalExam/.wordpress/wp-includes/plugin.php(517): WP_Hook->do_action(Array)
#9 /workspaces/UX221FinalExam/.wordpress/wp-settings.php(727): do_action('init')
#10 /workspaces/UX221FinalExam/.wordpress/wp-config.php(107): require_once('/workspaces/UX2...')
#11 /workspaces/UX221FinalExam/.wordpress/wp-load.php(50): require_once('/workspaces/UX2...')
#12 /workspaces/UX221FinalExam/.wordpress/wp-admin/admin.php(35): require_once('/workspaces/UX2...')
#13 /workspaces/UX221FinalExam/.wordpress/wp-admin/plugin-install.php(16): require_once('/workspaces/UX2...')
#14 {main}</pre>
 for query SELECT session_value FROM `wp_user_registration_sessions` WHERE session_key = '1' made by require_once('wp-admin/admin.php'), require_once('wp-load.php'), require_once('wp-config.php'), require_once('wp-settings.php'), do_action('init'), WP_Hook->do_action, WP_Hook->apply_filters, UserRegistration->init, UR_Session_Handler->__construct, UR_Session_Handler->get_session_data, UR_Session_Handler->get_session, WP_SQLite_DB->query, WP_SQLite_DB->print_error
[23-Apr-2025 03:18:15 UTC] WordPress database error <div style="clear:both">&nbsp;</div>
<div class="queries" style="clear:both;margin-bottom:2px;border:red dotted thin;">
<p>MySQL query:</p>
<p>SELECT session_value FROM `wp_user_registration_sessions` WHERE session_key = '1'</p>
<p>Queries made or created this session were:</p>
<ol>
<li>Executing: BEGIN | (no parameters)</li>
<li>Executing: SELECT session_value FROM `wp_user_registration_sessions` WHERE session_key = :param0  | parameters: 1</li>
<li>Executing: ROLLBACK | (no parameters)</li>
</ol>
</div>
<div style="clear:both;margin-bottom:2px;border:red dotted thin;" class="error_message" style="border-bottom:dotted blue thin;">
Error occurred at line 4117 in Function <code>handle_error</code>. Error message was: SQLSTATE[HY000]: General error: 1 no such table: wp_user_registration_sessions.
</div>
<p>Backtrace:</p>
<pre>#0 /workspaces/UX221FinalExam/.wordpress/wp-content/mu-plugins/sqlite-database-integration/wp-includes/sqlite/class-wp-sqlite-db.php(287): WP_SQLite_Translator->get_error_message()
#1 /workspaces/UX221FinalExam/.wordpress/wp-includes/class-wpdb.php(3031): WP_SQLite_DB->query('SELECT session_...')
#2 /workspaces/UX221FinalExam/.wordpress/wp-content/plugins/user-registration/includes/class-ur-session-handler.php(335): wpdb->get_var('SELECT session_...')
#3 /workspaces/UX221FinalExam/.wordpress/wp-content/plugins/user-registration/includes/class-ur-session-handler.php(210): UR_Session_Handler->get_session(1, Array)
#4 /workspaces/UX221FinalExam/.wordpress/wp-content/plugins/user-registration/includes/class-ur-session-handler.php(94): UR_Session_Handler->get_session_data()
#5 /workspaces/UX221FinalExam/.wordpress/wp-content/plugins/user-registration/user-registration.php(369): UR_Session_Handler->__construct()
#6 /workspaces/UX221FinalExam/.wordpress/wp-includes/class-wp-hook.php(324): UserRegistration->init('')
#7 /workspaces/UX221FinalExam/.wordpress/wp-includes/class-wp-hook.php(348): WP_Hook->apply_filters(NULL, Array)
#8 /workspaces/UX221FinalExam/.wordpress/wp-includes/plugin.php(517): WP_Hook->do_action(Array)
#9 /workspaces/UX221FinalExam/.wordpress/wp-settings.php(727): do_action('init')
#10 /workspaces/UX221FinalExam/.wordpress/wp-config.php(107): require_once('/workspaces/UX2...')
#11 /workspaces/UX221FinalExam/.wordpress/wp-load.php(50): require_once('/workspaces/UX2...')
#12 /workspaces/UX221FinalExam/.wordpress/wp-admin/admin.php(35): require_once('/workspaces/UX2...')
#13 /workspaces/UX221FinalExam/.wordpress/wp-admin/plugins.php(10): require_once('/workspaces/UX2...')
#14 {main}</pre>
 for query SELECT session_value FROM `wp_user_registration_sessions` WHERE session_key = '1' made by require_once('wp-admin/admin.php'), require_once('wp-load.php'), require_once('wp-config.php'), require_once('wp-settings.php'), do_action('init'), WP_Hook->do_action, WP_Hook->apply_filters, UserRegistration->init, UR_Session_Handler->__construct, UR_Session_Handler->get_session_data, UR_Session_Handler->get_session, WP_SQLite_DB->query, WP_SQLite_DB->print_error
[23-Apr-2025 03:18:16 UTC] WordPress database error <div style="clear:both">&nbsp;</div>
<div class="queries" style="clear:both;margin-bottom:2px;border:red dotted thin;">
<p>MySQL query:</p>
<p>SELECT session_value FROM `wp_user_registration_sessions` WHERE session_key = '1'</p>
<p>Queries made or created this session were:</p>
<ol>
<li>Executing: BEGIN | (no parameters)</li>
<li>Executing: SELECT session_value FROM `wp_user_registration_sessions` WHERE session_key = :param0  | parameters: 1</li>
<li>Executing: ROLLBACK | (no parameters)</li>
</ol>
</div>
<div style="clear:both;margin-bottom:2px;border:red dotted thin;" class="error_message" style="border-bottom:dotted blue thin;">
Error occurred at line 4117 in Function <code>handle_error</code>. Error message was: SQLSTATE[HY000]: General error: 1 no such table: wp_user_registration_sessions.
</div>
<p>Backtrace:</p>
<pre>#0 /workspaces/UX221FinalExam/.wordpress/wp-content/mu-plugins/sqlite-database-integration/wp-includes/sqlite/class-wp-sqlite-db.php(287): WP_SQLite_Translator->get_error_message()
#1 /workspaces/UX221FinalExam/.wordpress/wp-includes/class-wpdb.php(3031): WP_SQLite_DB->query('SELECT session_...')
#2 /workspaces/UX221FinalExam/.wordpress/wp-content/plugins/user-registration/includes/class-ur-session-handler.php(335): wpdb->get_var('SELECT session_...')
#3 /workspaces/UX221FinalExam/.wordpress/wp-content/plugins/user-registration/includes/class-ur-session-handler.php(210): UR_Session_Handler->get_session(1, Array)
#4 /workspaces/UX221FinalExam/.wordpress/wp-content/plugins/user-registration/includes/class-ur-session-handler.php(94): UR_Session_Handler->get_session_data()
#5 /workspaces/UX221FinalExam/.wordpress/wp-content/plugins/user-registration/user-registration.php(369): UR_Session_Handler->__construct()
#6 /workspaces/UX221FinalExam/.wordpress/wp-includes/class-wp-hook.php(324): UserRegistration->init('')
#7 /workspaces/UX221FinalExam/.wordpress/wp-includes/class-wp-hook.php(348): WP_Hook->apply_filters(NULL, Array)
#8 /workspaces/UX221FinalExam/.wordpress/wp-includes/plugin.php(517): WP_Hook->do_action(Array)
#9 /workspaces/UX221FinalExam/.wordpress/wp-settings.php(727): do_action('init')
#10 /workspaces/UX221FinalExam/.wordpress/wp-config.php(107): require_once('/workspaces/UX2...')
#11 /workspaces/UX221FinalExam/.wordpress/wp-load.php(50): require_once('/workspaces/UX2...')
#12 /workspaces/UX221FinalExam/.wordpress/wp-admin/admin-ajax.php(22): require_once('/workspaces/UX2...')
#13 {main}</pre>
 for query SELECT session_value FROM `wp_user_registration_sessions` WHERE session_key = '1' made by require_once('wp-load.php'), require_once('wp-config.php'), require_once('wp-settings.php'), do_action('init'), WP_Hook->do_action, WP_Hook->apply_filters, UserRegistration->init, UR_Session_Handler->__construct, UR_Session_Handler->get_session_data, UR_Session_Handler->get_session, WP_SQLite_DB->query, WP_SQLite_DB->print_error
[23-Apr-2025 03:18:22 UTC] WordPress database error <div style="clear:both">&nbsp;</div>
<div class="queries" style="clear:both;margin-bottom:2px;border:red dotted thin;">
<p>MySQL query:</p>
<p>SELECT session_value FROM `wp_user_registration_sessions` WHERE session_key = '1'</p>
<p>Queries made or created this session were:</p>
<ol>
<li>Executing: BEGIN | (no parameters)</li>
<li>Executing: SELECT session_value FROM `wp_user_registration_sessions` WHERE session_key = :param0  | parameters: 1</li>
<li>Executing: ROLLBACK | (no parameters)</li>
</ol>
</div>
<div style="clear:both;margin-bottom:2px;border:red dotted thin;" class="error_message" style="border-bottom:dotted blue thin;">
Error occurred at line 4117 in Function <code>handle_error</code>. Error message was: SQLSTATE[HY000]: General error: 1 no such table: wp_user_registration_sessions.
</div>
<p>Backtrace:</p>
<pre>#0 /workspaces/UX221FinalExam/.wordpress/wp-content/mu-plugins/sqlite-database-integration/wp-includes/sqlite/class-wp-sqlite-db.php(287): WP_SQLite_Translator->get_error_message()
#1 /workspaces/UX221FinalExam/.wordpress/wp-includes/class-wpdb.php(3031): WP_SQLite_DB->query('SELECT session_...')
#2 /workspaces/UX221FinalExam/.wordpress/wp-content/plugins/user-registration/includes/class-ur-session-handler.php(335): wpdb->get_var('SELECT session_...')
#3 /workspaces/UX221FinalExam/.wordpress/wp-content/plugins/user-registration/includes/class-ur-session-handler.php(210): UR_Session_Handler->get_session(1, Array)
#4 /workspaces/UX221FinalExam/.wordpress/wp-content/plugins/user-registration/includes/class-ur-session-handler.php(94): UR_Session_Handler->get_session_data()
#5 /workspaces/UX221FinalExam/.wordpress/wp-content/plugins/user-registration/user-registration.php(369): UR_Session_Handler->__construct()
#6 /workspaces/UX221FinalExam/.wordpress/wp-includes/class-wp-hook.php(324): UserRegistration->init('')
#7 /workspaces/UX221FinalExam/.wordpress/wp-includes/class-wp-hook.php(348): WP_Hook->apply_filters(NULL, Array)
#8 /workspaces/UX221FinalExam/.wordpress/wp-includes/plugin.php(517): WP_Hook->do_action(Array)
#9 /workspaces/UX221FinalExam/.wordpress/wp-settings.php(727): do_action('init')
#10 /workspaces/UX221FinalExam/.wordpress/wp-config.php(107): require_once('/workspaces/UX2...')
#11 /workspaces/UX221FinalExam/.wordpress/wp-load.php(50): require_once('/workspaces/UX2...')
#12 /workspaces/UX221FinalExam/.wordpress/wp-admin/admin-ajax.php(22): require_once('/workspaces/UX2...')
#13 {main}</pre>
 for query SELECT session_value FROM `wp_user_registration_sessions` WHERE session_key = '1' made by require_once('wp-load.php'), require_once('wp-config.php'), require_once('wp-settings.php'), do_action('init'), WP_Hook->do_action, WP_Hook->apply_filters, UserRegistration->init, UR_Session_Handler->__construct, UR_Session_Handler->get_session_data, UR_Session_Handler->get_session, WP_SQLite_DB->query, WP_SQLite_DB->print_error
[23-Apr-2025 03:18:47 UTC] WordPress database error <div style="clear:both">&nbsp;</div>
<div class="queries" style="clear:both;margin-bottom:2px;border:red dotted thin;">
<p>MySQL query:</p>
<p>SELECT session_value FROM `wp_user_registration_sessions` WHERE session_key = '1'</p>
<p>Queries made or created this session were:</p>
<ol>
<li>Executing: BEGIN | (no parameters)</li>
<li>Executing: SELECT session_value FROM `wp_user_registration_sessions` WHERE session_key = :param0  | parameters: 1</li>
<li>Executing: ROLLBACK | (no parameters)</li>
</ol>
</div>
<div style="clear:both;margin-bottom:2px;border:red dotted thin;" class="error_message" style="border-bottom:dotted blue thin;">
Error occurred at line 4117 in Function <code>handle_error</code>. Error message was: SQLSTATE[HY000]: General error: 1 no such table: wp_user_registration_sessions.
</div>
<p>Backtrace:</p>
<pre>#0 /workspaces/UX221FinalExam/.wordpress/wp-content/mu-plugins/sqlite-database-integration/wp-includes/sqlite/class-wp-sqlite-db.php(287): WP_SQLite_Translator->get_error_message()
#1 /workspaces/UX221FinalExam/.wordpress/wp-includes/class-wpdb.php(3031): WP_SQLite_DB->query('SELECT session_...')
#2 /workspaces/UX221FinalExam/.wordpress/wp-content/plugins/user-registration/includes/class-ur-session-handler.php(335): wpdb->get_var('SELECT session_...')
#3 /workspaces/UX221FinalExam/.wordpress/wp-content/plugins/user-registration/includes/class-ur-session-handler.php(210): UR_Session_Handler->get_session(1, Array)
#4 /workspaces/UX221FinalExam/.wordpress/wp-content/plugins/user-registration/includes/class-ur-session-handler.php(94): UR_Session_Handler->get_session_data()
#5 /workspaces/UX221FinalExam/.wordpress/wp-content/plugins/user-registration/user-registration.php(369): UR_Session_Handler->__construct()
#6 /workspaces/UX221FinalExam/.wordpress/wp-includes/class-wp-hook.php(324): UserRegistration->init('')
#7 /workspaces/UX221FinalExam/.wordpress/wp-includes/class-wp-hook.php(348): WP_Hook->apply_filters(NULL, Array)
#8 /workspaces/UX221FinalExam/.wordpress/wp-includes/plugin.php(517): WP_Hook->do_action(Array)
#9 /workspaces/UX221FinalExam/.wordpress/wp-settings.php(727): do_action('init')
#10 /workspaces/UX221FinalExam/.wordpress/wp-config.php(107): require_once('/workspaces/UX2...')
#11 /workspaces/UX221FinalExam/.wordpress/wp-load.php(50): require_once('/workspaces/UX2...')
#12 /workspaces/UX221FinalExam/.wordpress/wp-admin/admin-ajax.php(22): require_once('/workspaces/UX2...')
#13 {main}</pre>
 for query SELECT session_value FROM `wp_user_registration_sessions` WHERE session_key = '1' made by require_once('wp-load.php'), require_once('wp-config.php'), require_once('wp-settings.php'), do_action('init'), WP_Hook->do_action, WP_Hook->apply_filters, UserRegistration->init, UR_Session_Handler->__construct, UR_Session_Handler->get_session_data, UR_Session_Handler->get_session, WP_SQLite_DB->query, WP_SQLite_DB->print_error
[23-Apr-2025 03:18:47 UTC] WordPress database error <div style="clear:both">&nbsp;</div>
<div class="queries" style="clear:both;margin-bottom:2px;border:red dotted thin;">
<p>MySQL query:</p>
<p>SELECT session_value FROM `wp_user_registration_sessions` WHERE session_key = '1'</p>
<p>Queries made or created this session were:</p>
<ol>
<li>Executing: BEGIN | (no parameters)</li>
<li>Executing: SELECT session_value FROM `wp_user_registration_sessions` WHERE session_key = :param0  | parameters: 1</li>
<li>Executing: ROLLBACK | (no parameters)</li>
</ol>
</div>
<div style="clear:both;margin-bottom:2px;border:red dotted thin;" class="error_message" style="border-bottom:dotted blue thin;">
Error occurred at line 4117 in Function <code>handle_error</code>. Error message was: SQLSTATE[HY000]: General error: 1 no such table: wp_user_registration_sessions.
</div>
<p>Backtrace:</p>
<pre>#0 /workspaces/UX221FinalExam/.wordpress/wp-content/mu-plugins/sqlite-database-integration/wp-includes/sqlite/class-wp-sqlite-db.php(287): WP_SQLite_Translator->get_error_message()
#1 /workspaces/UX221FinalExam/.wordpress/wp-includes/class-wpdb.php(3031): WP_SQLite_DB->query('SELECT session_...')
#2 /workspaces/UX221FinalExam/.wordpress/wp-content/plugins/user-registration/includes/class-ur-session-handler.php(335): wpdb->get_var('SELECT session_...')
#3 /workspaces/UX221FinalExam/.wordpress/wp-content/plugins/user-registration/includes/class-ur-session-handler.php(210): UR_Session_Handler->get_session(1, Array)
#4 /workspaces/UX221FinalExam/.wordpress/wp-content/plugins/user-registration/includes/class-ur-session-handler.php(94): UR_Session_Handler->get_session_data()
#5 /workspaces/UX221FinalExam/.wordpress/wp-content/plugins/user-registration/user-registration.php(369): UR_Session_Handler->__construct()
#6 /workspaces/UX221FinalExam/.wordpress/wp-includes/class-wp-hook.php(324): UserRegistration->init('')
#7 /workspaces/UX221FinalExam/.wordpress/wp-includes/class-wp-hook.php(348): WP_Hook->apply_filters(NULL, Array)
#8 /workspaces/UX221FinalExam/.wordpress/wp-includes/plugin.php(517): WP_Hook->do_action(Array)
#9 /workspaces/UX221FinalExam/.wordpress/wp-settings.php(727): do_action('init')
#10 /workspaces/UX221FinalExam/.wordpress/wp-config.php(107): require_once('/workspaces/UX2...')
#11 /workspaces/UX221FinalExam/.wordpress/wp-load.php(50): require_once('/workspaces/UX2...')
#12 /workspaces/UX221FinalExam/.wordpress/wp-admin/admin.php(35): require_once('/workspaces/UX2...')
#13 /workspaces/UX221FinalExam/.wordpress/wp-admin/plugins.php(10): require_once('/workspaces/UX2...')
#14 {main}</pre>
 for query SELECT session_value FROM `wp_user_registration_sessions` WHERE session_key = '1' made by require_once('wp-admin/admin.php'), require_once('wp-load.php'), require_once('wp-config.php'), require_once('wp-settings.php'), do_action('init'), WP_Hook->do_action, WP_Hook->apply_filters, UserRegistration->init, UR_Session_Handler->__construct, UR_Session_Handler->get_session_data, UR_Session_Handler->get_session, WP_SQLite_DB->query, WP_SQLite_DB->print_error
[23-Apr-2025 03:45:47 UTC] PHP Fatal error:  Out of memory (allocated 35651584) (tried to allocate 2097152 bytes) in /workspaces/UX221FinalExam/.wordpress/wp-content/plugins/ecommerce-product-catalog/includes/product-settings.php on line 35
[23-Apr-2025 03:45:47 UTC] PHP Fatal error:  Uncaught Error: Call to undefined function ic_products_count() in /workspaces/UX221FinalExam/.wordpress/wp-content/plugins/ecommerce-product-catalog/includes/tracking.php:117
Stack trace:
#0 /workspaces/UX221FinalExam/.wordpress/wp-content/plugins/ecommerce-product-catalog/includes/tracking.php(551): IC_EPC_Tracking->setup_data()
#1 /workspaces/UX221FinalExam/.wordpress/wp-content/plugins/ecommerce-product-catalog/includes/tracking.php(481): IC_EPC_Tracking->send_paused_checkin(Array, true)
#2 [internal function]: IC_EPC_Tracking->fatal()
#3 {main}
  thrown in /workspaces/UX221FinalExam/.wordpress/wp-content/plugins/ecommerce-product-catalog/includes/tracking.php on line 117
[23-Apr-2025 03:45:47 UTC] PHP Fatal error:  Out of memory (allocated 33554432) (tried to allocate 2097152 bytes) in /workspaces/UX221FinalExam/.wordpress/wp-content/plugins/ecommerce-product-catalog/templates/themes/theme-classic-list.php on line 88
[23-Apr-2025 03:45:47 UTC] PHP Fatal error:  Uncaught Error: Call to undefined function ic_products_count() in /workspaces/UX221FinalExam/.wordpress/wp-content/plugins/ecommerce-product-catalog/includes/tracking.php:117
Stack trace:
#0 /workspaces/UX221FinalExam/.wordpress/wp-content/plugins/ecommerce-product-catalog/includes/tracking.php(551): IC_EPC_Tracking->setup_data()
#1 /workspaces/UX221FinalExam/.wordpress/wp-content/plugins/ecommerce-product-catalog/includes/tracking.php(481): IC_EPC_Tracking->send_paused_checkin(Array, true)
#2 [internal function]: IC_EPC_Tracking->fatal()
#3 {main}
  thrown in /workspaces/UX221FinalExam/.wordpress/wp-content/plugins/ecommerce-product-catalog/includes/tracking.php on line 117
[23-Apr-2025 03:45:51 UTC] PHP Fatal error:  Out of memory (allocated 31457280) (tried to allocate 2097152 bytes) in /workspaces/UX221FinalExam/.wordpress/wp-content/plugins/ecommerce-product-catalog/templates/themes/theme-default.php on line 218
[23-Apr-2025 03:45:51 UTC] PHP Fatal error:  Uncaught Error: Call to undefined function ic_products_count() in /workspaces/UX221FinalExam/.wordpress/wp-content/plugins/ecommerce-product-catalog/includes/tracking.php:117
Stack trace:
#0 /workspaces/UX221FinalExam/.wordpress/wp-content/plugins/ecommerce-product-catalog/includes/tracking.php(551): IC_EPC_Tracking->setup_data()
#1 /workspaces/UX221FinalExam/.wordpress/wp-content/plugins/ecommerce-product-catalog/includes/tracking.php(481): IC_EPC_Tracking->send_paused_checkin(Array, true)
#2 [internal function]: IC_EPC_Tracking->fatal()
#3 {main}
  thrown in /workspaces/UX221FinalExam/.wordpress/wp-content/plugins/ecommerce-product-catalog/includes/tracking.php on line 117
[23-Apr-2025 03:45:51 UTC] PHP Fatal error:  Out of memory (allocated 31457280) (tried to allocate 2097152 bytes) in /workspaces/UX221FinalExam/.wordpress/wp-content/plugins/ecommerce-product-catalog/templates/themes/theme-classic-list.php on line 122
[23-Apr-2025 03:45:51 UTC] PHP Fatal error:  Uncaught Error: Call to undefined function ic_products_count() in /workspaces/UX221FinalExam/.wordpress/wp-content/plugins/ecommerce-product-catalog/includes/tracking.php:117
Stack trace:
#0 /workspaces/UX221FinalExam/.wordpress/wp-content/plugins/ecommerce-product-catalog/includes/tracking.php(551): IC_EPC_Tracking->setup_data()
#1 /workspaces/UX221FinalExam/.wordpress/wp-content/plugins/ecommerce-product-catalog/includes/tracking.php(481): IC_EPC_Tracking->send_paused_checkin(Array, true)
#2 [internal function]: IC_EPC_Tracking->fatal()
#3 {main}
  thrown in /workspaces/UX221FinalExam/.wordpress/wp-content/plugins/ecommerce-product-catalog/includes/tracking.php on line 117
[23-Apr-2025 04:08:12 UTC] PHP Fatal error:  Out of memory (allocated 31457280) (tried to allocate 2097152 bytes) in /workspaces/UX221FinalExam/.wordpress/wp-content/plugins/ecommerce-product-catalog/templates/themes/theme-classic-list.php on line 122
[23-Apr-2025 04:08:12 UTC] PHP Fatal error:  Uncaught Error: Call to undefined function ic_products_count() in /workspaces/UX221FinalExam/.wordpress/wp-content/plugins/ecommerce-product-catalog/includes/tracking.php:117
Stack trace:
#0 /workspaces/UX221FinalExam/.wordpress/wp-content/plugins/ecommerce-product-catalog/includes/tracking.php(551): IC_EPC_Tracking->setup_data()
#1 /workspaces/UX221FinalExam/.wordpress/wp-content/plugins/ecommerce-product-catalog/includes/tracking.php(481): IC_EPC_Tracking->send_paused_checkin(Array, true)
#2 [internal function]: IC_EPC_Tracking->fatal()
#3 {main}
  thrown in /workspaces/UX221FinalExam/.wordpress/wp-content/plugins/ecommerce-product-catalog/includes/tracking.php on line 117
